<?xml version="1.0" encoding="UTF-8"?>
<!-- Generated by org.testng.reporters.JUnitReportReporter -->
<testsuite hostname="U6037024-TPL-A" name="Script.gg" tests="1" failures="0" timestamp="16 May 2017 18:24:49 GMT" time="7.206" errors="0">
  <testcase name="set" time="7.206" classname="Script.gg"/>
</testsuite> <!-- Script.gg -->
