<?xml version="1.0" encoding="UTF-8"?>
<!-- Generated by org.testng.reporters.JUnitReportReporter -->
<testsuite hostname="U6037024-TPL-A" name="Script_1.Script" tests="7" failures="0" timestamp="18 May 2017 03:35:29 GMT" time="3.425" errors="0">
  <testcase name="Active" time="0.072" classname="Script_1.Script"/>
  <testcase name="All" time="0.071" classname="Script_1.Script"/>
  <testcase name="ClearCompleted" time="0.065" classname="Script_1.Script"/>
  <testcase name="AddUseNames" time="0.665" classname="Script_1.Script"/>
  <testcase name="complete" time="0.153" classname="Script_1.Script"/>
  <testcase name="Completed" time="0.073" classname="Script_1.Script"/>
  <testcase name="Delete" time="2.326" classname="Script_1.Script"/>
</testsuite> <!-- Script_1.Script -->
